<?xml version="1.0" encoding="UTF-8"?>
<!-- Generated by org.testng.reporters.JUnitReportReporter -->
<testsuite hostname="DESKTOP-F40K7Q7" failures="0" tests="1" name="TestNG.screenShots" time="3.735" errors="0" timestamp="2021-01-06T12:02:40 EST" skipped="0">
  <testcase classname="TestNG.screenShots" name="openbrowser" time="3.735"/>
  <system-out/>
</testsuite> <!-- TestNG.screenShots -->
