<?xml version="1.0" encoding="UTF-8"?>
<!-- Generated by org.testng.reporters.JUnitReportReporter -->
<testsuite hostname="DESKTOP-F40K7Q7" failures="0" tests="2" name="TestNG.All_annotations_execution" time="0.002" errors="0" timestamp="2020-12-08T15:17:07 EST" skipped="0">
  <testcase classname="TestNG.All_annotations_execution" name="test" time="0.001"/>
  <system-out/>
  <testcase classname="TestNG.All_annotations_execution" name="test2" time="0.001"/>
  <system-out/>
</testsuite> <!-- TestNG.All_annotations_execution -->
