<?xml version="1.0" encoding="UTF-8"?>
<!-- Generated by org.testng.reporters.JUnitReportReporter -->
<testsuite hostname="DESKTOP-F40K7Q7" failures="0" tests="1" name="TestNG.TESTNG" time="2.545" errors="0" timestamp="2020-12-15T17:41:03 EST" skipped="0">
  <testcase classname="TestNG.TESTNG" name="Test1" time="2.545"/>
  <system-out/>
</testsuite> <!-- TestNG.TESTNG -->
