<?xml version="1.0" encoding="UTF-8"?>
<!-- Generated by org.testng.reporters.JUnitReportReporter -->
<testsuite hostname="DESKTOP-F40K7Q7" failures="0" tests="2" name="TestNG.All_annotations_execution" time="0.018" errors="0" timestamp="2021-02-01T14:05:54 EST" skipped="0">
  <testcase classname="TestNG.All_annotations_execution" name="test" time="0.014"/>
  <system-out/>
  <testcase classname="TestNG.All_annotations_execution" name="test2" time="0.004"/>
  <system-out/>
</testsuite> <!-- TestNG.All_annotations_execution -->
