<?xml version="1.0" encoding="UTF-8"?>
<!-- Generated by org.testng.reporters.JUnitReportReporter -->
<testsuite hostname="DESKTOP-F40K7Q7" failures="0" tests="5" name="TestNG.priorityTestCases" time="0.272" errors="0" timestamp="2020-12-08T15:17:07 EST" skipped="1">
  <testcase classname="TestNG.priorityTestCases" name="validateTitle" time="0.043"/>
  <system-out/>
  <testcase classname="TestNG.priorityTestCases" name="validateEmail" time="0.142"/>
  <system-out/>
  <testcase classname="TestNG.priorityTestCases" name="validatePassword" time="0.043"/>
  <system-out/>
  <testcase classname="TestNG.priorityTestCases" name="validateLogInButton" time="0.044"/>
  <system-out/>
  <testcase classname="TestNG.priorityTestCases" name="forgotPassword">
    <skipped/>
  </testcase> <!-- forgotPassword -->
  <system-out/>
</testsuite> <!-- TestNG.priorityTestCases -->
