<?xml version="1.0" encoding="UTF-8"?>
<!-- Generated by org.testng.reporters.JUnitReportReporter -->
<testsuite hostname="DESKTOP-F40K7Q7" failures="0" tests="1" name="TestNG.TakeFullPageScreenshot" time="17.484" errors="0" timestamp="2021-01-06T10:29:57 EST" skipped="0">
  <testcase classname="TestNG.TakeFullPageScreenshot" name="openbrowser" time="17.484"/>
  <system-out/>
</testsuite> <!-- TestNG.TakeFullPageScreenshot -->
