<?xml version="1.0" encoding="UTF-8"?>
<!-- Generated by org.testng.reporters.JUnitReportReporter -->
<testsuite hostname="DESKTOP-F40K7Q7" failures="0" tests="4" name="TestNG.elementsScreenshots" time="11.333" errors="0" timestamp="2021-01-07T12:20:26 EST" skipped="0">
  <testcase classname="TestNG.elementsScreenshots" name="facebookPassword" time="3.322"/>
  <system-out/>
  <testcase classname="TestNG.elementsScreenshots" name="loginButton" time="5.436"/>
  <system-out/>
  <testcase classname="TestNG.elementsScreenshots" name="browser" time="2.460"/>
  <system-out/>
  <testcase classname="TestNG.elementsScreenshots" name="facebookUername" time="0.115"/>
  <system-out/>
</testsuite> <!-- TestNG.elementsScreenshots -->
