<?xml version="1.0" encoding="UTF-8"?>
<!-- Generated by org.testng.reporters.JUnitReportReporter -->
<testsuite hostname="DESKTOP-F40K7Q7" failures="0" tests="1" name="Selenium_programs.SliderToCalcualteEMI" time="24.441" errors="0" timestamp="2021-01-11T11:39:43 EST" skipped="0">
  <testcase classname="Selenium_programs.SliderToCalcualteEMI" name="calculate_EMI" time="24.441"/>
  <system-out/>
</testsuite> <!-- Selenium_programs.SliderToCalcualteEMI -->
