<?xml version="1.0" encoding="UTF-8"?>
<!-- Generated by org.testng.reporters.JUnitReportReporter -->
<testsuite hostname="DESKTOP-F40K7Q7" failures="0" tests="5" name="TestNG.various_assertions" time="17.409" errors="0" timestamp="2021-01-08T17:12:22 EST" skipped="0">
  <testcase classname="TestNG.various_assertions" name="validateTitle" time="0.027"/>
  <system-out/>
  <testcase classname="TestNG.various_assertions" name="About_Link" time="2.865"/>
  <system-out/>
  <testcase classname="TestNG.various_assertions" name="header" time="2.337"/>
  <system-out/>
  <testcase classname="TestNG.various_assertions" name="StoreLink" time="4.925"/>
  <system-out/>
  <testcase classname="TestNG.various_assertions" name="totalLinksInStore" time="7.255"/>
  <system-out/>
</testsuite> <!-- TestNG.various_assertions -->
