<?xml version="1.0" encoding="UTF-8"?>
<!-- Generated by org.testng.reporters.JUnitReportReporter -->
<testsuite hostname="DESKTOP-F40K7Q7" failures="0" tests="1" name="TestNG.DemoTest1" time="0.010" errors="0" timestamp="2020-12-08T15:17:07 EST" skipped="0">
  <testcase classname="TestNG.DemoTest1" name="validateTitle" time="0.010"/>
  <system-out/>
</testsuite> <!-- TestNG.DemoTest1 -->
