<?xml version="1.0" encoding="UTF-8"?>
<!-- Generated by org.testng.reporters.JUnitReportReporter -->
<testsuite hostname="DESKTOP-F40K7Q7" failures="0" tests="1" name="ExcelDemo.excelWriteData2" time="1.409" errors="0" timestamp="2020-12-11T15:22:48 EST" skipped="0">
  <testcase classname="ExcelDemo.excelWriteData2" name="write" time="1.409"/>
  <system-out/>
</testsuite> <!-- ExcelDemo.excelWriteData2 -->
